running egg_info
creating ../../build/ups_logic/ups_logic.egg-info
writing ../../build/ups_logic/ups_logic.egg-info/PKG-INFO
writing dependency_links to ../../build/ups_logic/ups_logic.egg-info/dependency_links.txt
writing entry points to ../../build/ups_logic/ups_logic.egg-info/entry_points.txt
writing requirements to ../../build/ups_logic/ups_logic.egg-info/requires.txt
writing top-level names to ../../build/ups_logic/ups_logic.egg-info/top_level.txt
writing manifest file '../../build/ups_logic/ups_logic.egg-info/SOURCES.txt'
reading manifest file '../../build/ups_logic/ups_logic.egg-info/SOURCES.txt'
writing manifest file '../../build/ups_logic/ups_logic.egg-info/SOURCES.txt'
running build
running build_py
creating /home/sk/ups_ws/build/ups_logic/build
creating /home/sk/ups_ws/build/ups_logic/build/lib
creating /home/sk/ups_ws/build/ups_logic/build/lib/ups_logic
copying ups_logic/__init__.py -> /home/sk/ups_ws/build/ups_logic/build/lib/ups_logic
copying ups_logic/ukf_navigator.py -> /home/sk/ups_ws/build/ups_logic/build/lib/ups_logic
running install
running install_lib
creating /home/sk/ups_ws/install/ups_logic/lib/python3.11/site-packages/ups_logic
copying /home/sk/ups_ws/build/ups_logic/build/lib/ups_logic/__init__.py -> /home/sk/ups_ws/install/ups_logic/lib/python3.11/site-packages/ups_logic
copying /home/sk/ups_ws/build/ups_logic/build/lib/ups_logic/ukf_navigator.py -> /home/sk/ups_ws/install/ups_logic/lib/python3.11/site-packages/ups_logic
byte-compiling /home/sk/ups_ws/install/ups_logic/lib/python3.11/site-packages/ups_logic/__init__.py to __init__.cpython-311.pyc
byte-compiling /home/sk/ups_ws/install/ups_logic/lib/python3.11/site-packages/ups_logic/ukf_navigator.py to ukf_navigator.cpython-311.pyc
running install_data
creating /home/sk/ups_ws/install/ups_logic/share/ament_index
creating /home/sk/ups_ws/install/ups_logic/share/ament_index/resource_index
creating /home/sk/ups_ws/install/ups_logic/share/ament_index/resource_index/packages
copying resource/ups_logic -> /home/sk/ups_ws/install/ups_logic/share/ament_index/resource_index/packages
copying package.xml -> /home/sk/ups_ws/install/ups_logic/share/ups_logic
running install_egg_info
Copying ../../build/ups_logic/ups_logic.egg-info to /home/sk/ups_ws/install/ups_logic/lib/python3.11/site-packages/ups_logic-0.0.0-py3.11.egg-info
running install_scripts
Installing ukf_navigator script to /home/sk/ups_ws/install/ups_logic/lib/ups_logic
writing list of installed files to '/home/sk/ups_ws/build/ups_logic/install.log'
