[0.111s] DEBUG:colcon:Command line arguments: ['/home/sk/miniconda3/envs/drone_env/bin/colcon', 'build', '--packages-select', 'ups_logic', '--cmake-args', '-DPYTHON_EXECUTABLE=/usr/bin/python3']
[0.111s] DEBUG:colcon:Parsed command line arguments: Namespace(log_base=None, log_level=None, verb_name='build', build_base='build', install_base='install', merge_install=False, symlink_install=False, test_result_base=None, continue_on_error=False, executor='parallel', parallel_workers=8, event_handlers=None, ignore_user_meta=False, metas=['./colcon.meta'], base_paths=['.'], packages_ignore=None, packages_ignore_regex=None, paths=None, packages_up_to=None, packages_up_to_regex=None, packages_above=None, packages_above_and_dependencies=None, packages_above_depth=None, packages_select_by_dep=None, packages_skip_by_dep=None, packages_skip_up_to=None, packages_select_build_failed=False, packages_skip_build_finished=False, packages_select_test_failures=False, packages_skip_test_passed=False, packages_select=['ups_logic'], packages_skip=None, packages_select_regex=None, packages_skip_regex=None, packages_start=None, packages_end=None, cmake_args=['-DPYTHON_EXECUTABLE=/usr/bin/python3'], cmake_target=None, cmake_target_skip_unavailable=False, cmake_clean_cache=False, cmake_clean_first=False, cmake_force_configure=False, ament_cmake_args=None, catkin_cmake_args=None, catkin_skip_building_tests=False, verb_parser=<colcon_defaults.argument_parser.defaults.DefaultArgumentsDecorator object at 0x7a9314002490>, verb_extension=<colcon_core.verb.build.BuildVerb object at 0x7a9314001390>, main=<bound method BuildVerb.main of <colcon_core.verb.build.BuildVerb object at 0x7a9314001390>>)
[0.245s] Level 1:colcon.colcon_core.package_discovery:discover_packages(colcon_meta) check parameters
[0.245s] Level 1:colcon.colcon_core.package_discovery:discover_packages(recursive) check parameters
[0.245s] Level 1:colcon.colcon_core.package_discovery:discover_packages(ignore) check parameters
[0.245s] Level 1:colcon.colcon_core.package_discovery:discover_packages(path) check parameters
[0.245s] Level 1:colcon.colcon_core.package_discovery:discover_packages(colcon_meta) discover
[0.245s] Level 1:colcon.colcon_core.package_discovery:discover_packages(recursive) discover
[0.245s] INFO:colcon.colcon_core.package_discovery:Crawling recursively for packages in '/home/sk/ups_ws'
[0.245s] Level 1:colcon.colcon_core.package_identification:_identify(.) by extensions ['ignore', 'ignore_ament_install']
[0.245s] Level 1:colcon.colcon_core.package_identification:_identify(.) by extension 'ignore'
[0.245s] Level 1:colcon.colcon_core.package_identification:_identify(.) by extension 'ignore_ament_install'
[0.245s] Level 1:colcon.colcon_core.package_identification:_identify(.) by extensions ['colcon_pkg']
[0.245s] Level 1:colcon.colcon_core.package_identification:_identify(.) by extension 'colcon_pkg'
[0.245s] Level 1:colcon.colcon_core.package_identification:_identify(.) by extensions ['colcon_meta']
[0.245s] Level 1:colcon.colcon_core.package_identification:_identify(.) by extension 'colcon_meta'
[0.245s] Level 1:colcon.colcon_core.package_identification:_identify(.) by extensions ['ros']
[0.245s] Level 1:colcon.colcon_core.package_identification:_identify(.) by extension 'ros'
[0.265s] Level 1:colcon.colcon_core.package_identification:_identify(.) by extensions ['cmake', 'python']
[0.265s] Level 1:colcon.colcon_core.package_identification:_identify(.) by extension 'cmake'
[0.265s] Level 1:colcon.colcon_core.package_identification:_identify(.) by extension 'python'
[0.265s] Level 1:colcon.colcon_core.package_identification:_identify(.) by extensions ['python_setup_py']
[0.265s] Level 1:colcon.colcon_core.package_identification:_identify(.) by extension 'python_setup_py'
[0.265s] Level 1:colcon.colcon_core.package_identification:_identify(build) by extensions ['ignore', 'ignore_ament_install']
[0.266s] Level 1:colcon.colcon_core.package_identification:_identify(build) by extension 'ignore'
[0.266s] Level 1:colcon.colcon_core.package_identification:_identify(build) ignored
[0.266s] Level 1:colcon.colcon_core.package_identification:_identify(install) by extensions ['ignore', 'ignore_ament_install']
[0.266s] Level 1:colcon.colcon_core.package_identification:_identify(install) by extension 'ignore'
[0.266s] Level 1:colcon.colcon_core.package_identification:_identify(install) ignored
[0.266s] Level 1:colcon.colcon_core.package_identification:_identify(log) by extensions ['ignore', 'ignore_ament_install']
[0.266s] Level 1:colcon.colcon_core.package_identification:_identify(log) by extension 'ignore'
[0.266s] Level 1:colcon.colcon_core.package_identification:_identify(log) ignored
[0.266s] Level 1:colcon.colcon_core.package_identification:_identify(src) by extensions ['ignore', 'ignore_ament_install']
[0.266s] Level 1:colcon.colcon_core.package_identification:_identify(src) by extension 'ignore'
[0.266s] Level 1:colcon.colcon_core.package_identification:_identify(src) by extension 'ignore_ament_install'
[0.266s] Level 1:colcon.colcon_core.package_identification:_identify(src) by extensions ['colcon_pkg']
[0.266s] Level 1:colcon.colcon_core.package_identification:_identify(src) by extension 'colcon_pkg'
[0.266s] Level 1:colcon.colcon_core.package_identification:_identify(src) by extensions ['colcon_meta']
[0.266s] Level 1:colcon.colcon_core.package_identification:_identify(src) by extension 'colcon_meta'
[0.266s] Level 1:colcon.colcon_core.package_identification:_identify(src) by extensions ['ros']
[0.266s] Level 1:colcon.colcon_core.package_identification:_identify(src) by extension 'ros'
[0.266s] Level 1:colcon.colcon_core.package_identification:_identify(src) by extensions ['cmake', 'python']
[0.266s] Level 1:colcon.colcon_core.package_identification:_identify(src) by extension 'cmake'
[0.266s] Level 1:colcon.colcon_core.package_identification:_identify(src) by extension 'python'
[0.266s] Level 1:colcon.colcon_core.package_identification:_identify(src) by extensions ['python_setup_py']
[0.266s] Level 1:colcon.colcon_core.package_identification:_identify(src) by extension 'python_setup_py'
[0.266s] Level 1:colcon.colcon_core.package_identification:_identify(src/ups_logic) by extensions ['ignore', 'ignore_ament_install']
[0.266s] Level 1:colcon.colcon_core.package_identification:_identify(src/ups_logic) by extension 'ignore'
[0.266s] Level 1:colcon.colcon_core.package_identification:_identify(src/ups_logic) by extension 'ignore_ament_install'
[0.266s] Level 1:colcon.colcon_core.package_identification:_identify(src/ups_logic) by extensions ['colcon_pkg']
[0.266s] Level 1:colcon.colcon_core.package_identification:_identify(src/ups_logic) by extension 'colcon_pkg'
[0.266s] Level 1:colcon.colcon_core.package_identification:_identify(src/ups_logic) by extensions ['colcon_meta']
[0.266s] Level 1:colcon.colcon_core.package_identification:_identify(src/ups_logic) by extension 'colcon_meta'
[0.266s] Level 1:colcon.colcon_core.package_identification:_identify(src/ups_logic) by extensions ['ros']
[0.266s] Level 1:colcon.colcon_core.package_identification:_identify(src/ups_logic) by extension 'ros'
[0.268s] DEBUG:colcon.colcon_core.package_identification:Package 'src/ups_logic' with type 'ros.ament_python' and name 'ups_logic'
[0.269s] Level 1:colcon.colcon_core.package_identification:_identify(src/ups_simulation) by extensions ['ignore', 'ignore_ament_install']
[0.269s] Level 1:colcon.colcon_core.package_identification:_identify(src/ups_simulation) by extension 'ignore'
[0.269s] Level 1:colcon.colcon_core.package_identification:_identify(src/ups_simulation) by extension 'ignore_ament_install'
[0.269s] Level 1:colcon.colcon_core.package_identification:_identify(src/ups_simulation) by extensions ['colcon_pkg']
[0.269s] Level 1:colcon.colcon_core.package_identification:_identify(src/ups_simulation) by extension 'colcon_pkg'
[0.269s] Level 1:colcon.colcon_core.package_identification:_identify(src/ups_simulation) by extensions ['colcon_meta']
[0.269s] Level 1:colcon.colcon_core.package_identification:_identify(src/ups_simulation) by extension 'colcon_meta'
[0.269s] Level 1:colcon.colcon_core.package_identification:_identify(src/ups_simulation) by extensions ['ros']
[0.269s] Level 1:colcon.colcon_core.package_identification:_identify(src/ups_simulation) by extension 'ros'
[0.269s] DEBUG:colcon.colcon_core.package_identification:Package 'src/ups_simulation' with type 'ros.ament_cmake' and name 'ups_simulation'
[0.269s] Level 1:colcon.colcon_core.package_discovery:discover_packages(recursive) using defaults
[0.269s] Level 1:colcon.colcon_core.package_discovery:discover_packages(ignore) discover
[0.269s] Level 1:colcon.colcon_core.package_discovery:discover_packages(ignore) using defaults
[0.269s] Level 1:colcon.colcon_core.package_discovery:discover_packages(path) discover
[0.269s] Level 1:colcon.colcon_core.package_discovery:discover_packages(path) using defaults
[0.285s] INFO:colcon.colcon_core.package_selection:Skipping not selected package 'ups_simulation' in 'src/ups_simulation'
[0.286s] Level 5:colcon.colcon_core.verb:set package 'ups_logic' build argument 'cmake_args' from command line to '['-DPYTHON_EXECUTABLE=/usr/bin/python3']'
[0.286s] Level 5:colcon.colcon_core.verb:set package 'ups_logic' build argument 'cmake_target' from command line to 'None'
[0.286s] Level 5:colcon.colcon_core.verb:set package 'ups_logic' build argument 'cmake_target_skip_unavailable' from command line to 'False'
[0.286s] Level 5:colcon.colcon_core.verb:set package 'ups_logic' build argument 'cmake_clean_cache' from command line to 'False'
[0.286s] Level 5:colcon.colcon_core.verb:set package 'ups_logic' build argument 'cmake_clean_first' from command line to 'False'
[0.286s] Level 5:colcon.colcon_core.verb:set package 'ups_logic' build argument 'cmake_force_configure' from command line to 'False'
[0.286s] Level 5:colcon.colcon_core.verb:set package 'ups_logic' build argument 'ament_cmake_args' from command line to 'None'
[0.286s] Level 5:colcon.colcon_core.verb:set package 'ups_logic' build argument 'catkin_cmake_args' from command line to 'None'
[0.286s] Level 5:colcon.colcon_core.verb:set package 'ups_logic' build argument 'catkin_skip_building_tests' from command line to 'False'
[0.286s] DEBUG:colcon.colcon_core.verb:Building package 'ups_logic' with the following arguments: {'ament_cmake_args': None, 'build_base': '/home/sk/ups_ws/build/ups_logic', 'catkin_cmake_args': None, 'catkin_skip_building_tests': False, 'cmake_args': ['-DPYTHON_EXECUTABLE=/usr/bin/python3'], 'cmake_clean_cache': False, 'cmake_clean_first': False, 'cmake_force_configure': False, 'cmake_target': None, 'cmake_target_skip_unavailable': False, 'install_base': '/home/sk/ups_ws/install/ups_logic', 'merge_install': False, 'path': '/home/sk/ups_ws/src/ups_logic', 'symlink_install': False, 'test_result_base': None}
[0.286s] INFO:colcon.colcon_core.executor:Executing jobs using 'parallel' executor
[0.287s] DEBUG:colcon.colcon_parallel_executor.executor.parallel:run_until_complete
[0.287s] INFO:colcon.colcon_ros.task.ament_python.build:Building ROS package in '/home/sk/ups_ws/src/ups_logic' with build type 'ament_python'
[0.287s] Level 1:colcon.colcon_core.shell:create_environment_hook('ups_logic', 'ament_prefix_path')
[0.288s] INFO:colcon.colcon_core.plugin_system:Skipping extension 'colcon_core.shell.bat': Not used on non-Windows systems
[0.289s] INFO:colcon.colcon_core.shell:Creating environment hook '/home/sk/ups_ws/install/ups_logic/share/ups_logic/hook/ament_prefix_path.ps1'
[0.289s] INFO:colcon.colcon_core.shell:Creating environment descriptor '/home/sk/ups_ws/install/ups_logic/share/ups_logic/hook/ament_prefix_path.dsv'
[0.290s] INFO:colcon.colcon_core.shell:Creating environment hook '/home/sk/ups_ws/install/ups_logic/share/ups_logic/hook/ament_prefix_path.sh'
[0.290s] INFO:colcon.colcon_core.shell:Skip shell extension 'powershell' for command environment: Not usable outside of PowerShell
[0.290s] DEBUG:colcon.colcon_core.shell:Skip shell extension 'dsv' for command environment
[0.555s] INFO:colcon.colcon_core.task.python.build:Building Python package in '/home/sk/ups_ws/src/ups_logic'
[0.555s] INFO:colcon.colcon_core.shell:Skip shell extension 'powershell' for command environment: Not usable outside of PowerShell
[0.556s] DEBUG:colcon.colcon_core.shell:Skip shell extension 'dsv' for command environment
[1.026s] DEBUG:colcon.colcon_core.event_handler.log_command:Invoking command in '/home/sk/ups_ws/src/ups_logic': PYTHONPATH=/home/sk/ups_ws/build/ups_logic/prefix_override:/home/sk/miniconda3/envs/drone_env/lib/python3.11/site-packages/colcon_core/task/python/colcon_distutils_commands:/home/sk/ups_ws/install/ups_logic/lib/python3.11/site-packages:${PYTHONPATH} /home/sk/miniconda3/envs/drone_env/bin/python3.11 -W ignore:setup.py install is deprecated -W ignore:easy_install command is deprecated setup.py egg_info --egg-base ../../build/ups_logic build --build-base /home/sk/ups_ws/build/ups_logic/build install --record /home/sk/ups_ws/build/ups_logic/install.log --single-version-externally-managed install_data
[1.358s] DEBUG:colcon.colcon_core.event_handler.log_command:Invoked command in '/home/sk/ups_ws/src/ups_logic' returned '0': PYTHONPATH=/home/sk/ups_ws/build/ups_logic/prefix_override:/home/sk/miniconda3/envs/drone_env/lib/python3.11/site-packages/colcon_core/task/python/colcon_distutils_commands:/home/sk/ups_ws/install/ups_logic/lib/python3.11/site-packages:${PYTHONPATH} /home/sk/miniconda3/envs/drone_env/bin/python3.11 -W ignore:setup.py install is deprecated -W ignore:easy_install command is deprecated setup.py egg_info --egg-base ../../build/ups_logic build --build-base /home/sk/ups_ws/build/ups_logic/build install --record /home/sk/ups_ws/build/ups_logic/install.log --single-version-externally-managed install_data
[1.360s] Level 1:colcon.colcon_core.environment:checking '/home/sk/ups_ws/install/ups_logic' for CMake module files
[1.361s] Level 1:colcon.colcon_core.environment:checking '/home/sk/ups_ws/install/ups_logic' for CMake config files
[1.362s] Level 1:colcon.colcon_core.environment:checking '/home/sk/ups_ws/install/ups_logic/lib'
[1.362s] Level 1:colcon.colcon_core.environment:checking '/home/sk/ups_ws/install/ups_logic/bin'
[1.362s] Level 1:colcon.colcon_core.environment:checking '/home/sk/ups_ws/install/ups_logic/lib/pkgconfig/ups_logic.pc'
[1.362s] Level 1:colcon.colcon_core.environment:checking '/home/sk/ups_ws/install/ups_logic/lib/python3.11/site-packages'
[1.362s] Level 1:colcon.colcon_core.shell:create_environment_hook('ups_logic', 'pythonpath')
[1.362s] INFO:colcon.colcon_core.shell:Creating environment hook '/home/sk/ups_ws/install/ups_logic/share/ups_logic/hook/pythonpath.ps1'
[1.363s] INFO:colcon.colcon_core.shell:Creating environment descriptor '/home/sk/ups_ws/install/ups_logic/share/ups_logic/hook/pythonpath.dsv'
[1.363s] INFO:colcon.colcon_core.shell:Creating environment hook '/home/sk/ups_ws/install/ups_logic/share/ups_logic/hook/pythonpath.sh'
[1.364s] Level 1:colcon.colcon_core.environment:checking '/home/sk/ups_ws/install/ups_logic/bin'
[1.364s] Level 1:colcon.colcon_core.environment:create_environment_scripts_only(ups_logic)
[1.365s] INFO:colcon.colcon_core.shell:Creating package script '/home/sk/ups_ws/install/ups_logic/share/ups_logic/package.ps1'
[1.366s] INFO:colcon.colcon_core.shell:Creating package descriptor '/home/sk/ups_ws/install/ups_logic/share/ups_logic/package.dsv'
[1.367s] INFO:colcon.colcon_core.shell:Creating package script '/home/sk/ups_ws/install/ups_logic/share/ups_logic/package.sh'
[1.368s] INFO:colcon.colcon_core.shell:Creating package script '/home/sk/ups_ws/install/ups_logic/share/ups_logic/package.bash'
[1.371s] INFO:colcon.colcon_core.shell:Creating package script '/home/sk/ups_ws/install/ups_logic/share/ups_logic/package.zsh'
[1.371s] Level 1:colcon.colcon_core.environment:create_file_with_runtime_dependencies(/home/sk/ups_ws/install/ups_logic/share/colcon-core/packages/ups_logic)
[1.372s] DEBUG:colcon.colcon_parallel_executor.executor.parallel:closing loop
[1.372s] DEBUG:colcon.colcon_parallel_executor.executor.parallel:loop closed
[1.373s] DEBUG:colcon.colcon_parallel_executor.executor.parallel:run_until_complete finished with '0'
[1.373s] DEBUG:colcon.colcon_core.event_reactor:joining thread
[1.374s] INFO:colcon.colcon_core.plugin_system:Skipping extension 'colcon_notification.desktop_notification.notify2': 'notify2' not found
[1.375s] INFO:colcon.colcon_core.plugin_system:Skipping extension 'colcon_notification.desktop_notification.terminal_notifier': Not used on non-Darwin systems
[1.375s] INFO:colcon.colcon_core.plugin_system:Skipping extension 'colcon_notification.desktop_notification.win32': Not used on non-Windows systems
[1.375s] INFO:colcon.colcon_notification.desktop_notification:Sending desktop notification using 'notify_send'
[1.403s] DEBUG:colcon.colcon_core.event_reactor:joined thread
[1.403s] INFO:colcon.colcon_core.shell:Creating prefix script '/home/sk/ups_ws/install/local_setup.ps1'
[1.405s] INFO:colcon.colcon_core.shell:Creating prefix util module '/home/sk/ups_ws/install/_local_setup_util_ps1.py'
[1.406s] INFO:colcon.colcon_core.shell:Creating prefix chain script '/home/sk/ups_ws/install/setup.ps1'
[1.407s] INFO:colcon.colcon_core.shell:Creating prefix script '/home/sk/ups_ws/install/local_setup.sh'
[1.408s] INFO:colcon.colcon_core.shell:Creating prefix util module '/home/sk/ups_ws/install/_local_setup_util_sh.py'
[1.409s] INFO:colcon.colcon_core.shell:Creating prefix chain script '/home/sk/ups_ws/install/setup.sh'
[1.411s] INFO:colcon.colcon_core.shell:Creating prefix script '/home/sk/ups_ws/install/local_setup.bash'
[1.411s] INFO:colcon.colcon_core.shell:Creating prefix chain script '/home/sk/ups_ws/install/setup.bash'
[1.412s] INFO:colcon.colcon_core.shell:Creating prefix script '/home/sk/ups_ws/install/local_setup.zsh'
[1.413s] INFO:colcon.colcon_core.shell:Creating prefix chain script '/home/sk/ups_ws/install/setup.zsh'
